Determining if the pthread_create exist failed with the following output:
Change Dir: /home/xuxuxu/_myGitProgram/My_notes1/平面pcl/cmake-build-debug/CMakeFiles/CMakeTmp

Run Build Command:"/usr/bin/make" "cmTC_0f11d/fast"
/usr/bin/make -f CMakeFiles/cmTC_0f11d.dir/build.make CMakeFiles/cmTC_0f11d.dir/build
make[1]: Entering directory '/home/xuxuxu/_myGitProgram/My_notes1/平面pcl/cmake-build-debug/CMakeFiles/CMakeTmp'
Building C object CMakeFiles/cmTC_0f11d.dir/CheckSymbolExists.c.o
/usr/bin/cc    -o CMakeFiles/cmTC_0f11d.dir/CheckSymbolExists.c.o   -c /home/xuxuxu/_myGitProgram/My_notes1/平面pcl/cmake-build-debug/CMakeFiles/CMakeTmp/CheckSymbolExists.c
Linking C executable cmTC_0f11d
/home/xuxuxu/clion-2018.1.5/bin/cmake/bin/cmake -E cmake_link_script CMakeFiles/cmTC_0f11d.dir/link.txt --verbose=1
/usr/bin/cc      -rdynamic CMakeFiles/cmTC_0f11d.dir/CheckSymbolExists.c.o  -o cmTC_0f11d 
CMakeFiles/cmTC_0f11d.dir/CheckSymbolExists.c.o: In function `main':
CheckSymbolExists.c:(.text+0x16): undefined reference to `pthread_create'
collect2: error: ld returned 1 exit status
CMakeFiles/cmTC_0f11d.dir/build.make:97: recipe for target 'cmTC_0f11d' failed
make[1]: *** [cmTC_0f11d] Error 1
make[1]: Leaving directory '/home/xuxuxu/_myGitProgram/My_notes1/平面pcl/cmake-build-debug/CMakeFiles/CMakeTmp'
Makefile:126: recipe for target 'cmTC_0f11d/fast' failed
make: *** [cmTC_0f11d/fast] Error 2

File /home/xuxuxu/_myGitProgram/My_notes1/平面pcl/cmake-build-debug/CMakeFiles/CMakeTmp/CheckSymbolExists.c:
/* */
#include <pthread.h>

int main(int argc, char** argv)
{
  (void)argv;
#ifndef pthread_create
  return ((int*)(&pthread_create))[argc];
#else
  (void)argc;
  return 0;
#endif
}

Determining if the function pthread_create exists in the pthreads failed with the following output:
Change Dir: /home/xuxuxu/_myGitProgram/My_notes1/平面pcl/cmake-build-debug/CMakeFiles/CMakeTmp

Run Build Command:"/usr/bin/make" "cmTC_3b63f/fast"
/usr/bin/make -f CMakeFiles/cmTC_3b63f.dir/build.make CMakeFiles/cmTC_3b63f.dir/build
make[1]: Entering directory '/home/xuxuxu/_myGitProgram/My_notes1/平面pcl/cmake-build-debug/CMakeFiles/CMakeTmp'
Building C object CMakeFiles/cmTC_3b63f.dir/CheckFunctionExists.c.o
/usr/bin/cc   -DCHECK_FUNCTION_EXISTS=pthread_create   -o CMakeFiles/cmTC_3b63f.dir/CheckFunctionExists.c.o   -c /home/xuxuxu/clion-2018.1.5/bin/cmake/share/cmake-3.10/Modules/CheckFunctionExists.c
Linking C executable cmTC_3b63f
/home/xuxuxu/clion-2018.1.5/bin/cmake/bin/cmake -E cmake_link_script CMakeFiles/cmTC_3b63f.dir/link.txt --verbose=1
/usr/bin/cc  -DCHECK_FUNCTION_EXISTS=pthread_create    -rdynamic CMakeFiles/cmTC_3b63f.dir/CheckFunctionExists.c.o  -o cmTC_3b63f -lpthreads 
/usr/bin/ld: cannot find -lpthreads
collect2: error: ld returned 1 exit status
CMakeFiles/cmTC_3b63f.dir/build.make:97: recipe for target 'cmTC_3b63f' failed
make[1]: *** [cmTC_3b63f] Error 1
make[1]: Leaving directory '/home/xuxuxu/_myGitProgram/My_notes1/平面pcl/cmake-build-debug/CMakeFiles/CMakeTmp'
Makefile:126: recipe for target 'cmTC_3b63f/fast' failed
make: *** [cmTC_3b63f/fast] Error 2


